<?xml version="1.0" encoding="UTF-8"?>
<!-- Generated by org.testng.reporters.JUnitReportReporter -->
<testsuite hostname="DESKTOP-P1FLGCK" failures="0" tests="12" name="pintrest.testing" time="27.381" errors="0" timestamp="2025-06-23T23:07:50 AST" skipped="10">
  <testcase classname="pintrest.testing" name="login" time="9.700"/>
  <testcase classname="pintrest.testing" name="changeLanguage" time="17.681"/>
  <testcase classname="pintrest.testing" name="likePin">
    <skipped/>
  </testcase> <!-- likePin -->
  <testcase classname="pintrest.testing" name="clickSaveButton">
    <skipped/>
  </testcase> <!-- clickSaveButton -->
  <testcase classname="pintrest.testing" name="profileInformation">
    <skipped/>
  </testcase> <!-- profileInformation -->
  <testcase classname="pintrest.testing" name="newBoard">
    <skipped/>
  </testcase> <!-- newBoard -->
  <testcase classname="pintrest.testing" name="clickRandomPinterestElement">
    <skipped/>
  </testcase> <!-- clickRandomPinterestElement -->
  <testcase classname="pintrest.testing" name="signUp">
    <skipped/>
  </testcase> <!-- signUp -->
  <testcase classname="pintrest.testing" name="forgotPassword">
    <skipped/>
  </testcase> <!-- forgotPassword -->
  <testcase classname="pintrest.testing" name="upLoadPin">
    <skipped/>
  </testcase> <!-- upLoadPin -->
  <testcase classname="pintrest.testing" name="verifySearchReturnsRelevantResults">
    <skipped/>
  </testcase> <!-- verifySearchReturnsRelevantResults -->
  <testcase classname="pintrest.testing" name="VisualSearch">
    <skipped/>
  </testcase> <!-- VisualSearch -->
</testsuite> <!-- pintrest.testing -->
